[0.097s] DEBUG:colcon:Command line arguments: ['/usr/bin/colcon', 'build', '--symlink-install']
[0.097s] DEBUG:colcon:Parsed command line arguments: Namespace(log_base=None, log_level=None, verb_name='build', build_base='build', install_base='install', merge_install=False, symlink_install=True, test_result_base=None, continue_on_error=False, executor='parallel', parallel_workers=4, event_handlers=None, ignore_user_meta=False, metas=['./colcon.meta'], base_paths=['.'], packages_ignore=None, packages_ignore_regex=None, paths=None, packages_up_to=None, packages_up_to_regex=None, packages_above=None, packages_above_and_dependencies=None, packages_above_depth=None, packages_select_by_dep=None, packages_skip_by_dep=None, packages_skip_up_to=None, packages_select_build_failed=False, packages_skip_build_finished=False, packages_select_test_failures=False, packages_skip_test_passed=False, packages_select=None, packages_skip=None, packages_select_regex=None, packages_skip_regex=None, packages_start=None, packages_end=None, allow_overriding=[], cmake_args=None, cmake_target=None, cmake_target_skip_unavailable=False, cmake_clean_cache=False, cmake_clean_first=False, cmake_force_configure=False, ament_cmake_args=None, catkin_cmake_args=None, catkin_skip_building_tests=False, verb_parser=<colcon_defaults.argument_parser.defaults.DefaultArgumentsDecorator object at 0x7dd5486b0a60>, verb_extension=<colcon_core.verb.build.BuildVerb object at 0x7dd5486b3130>, main=<bound method BuildVerb.main of <colcon_core.verb.build.BuildVerb object at 0x7dd5486b3130>>)
[0.225s] Level 1:colcon.colcon_core.package_discovery:discover_packages(colcon_meta) check parameters
[0.225s] Level 1:colcon.colcon_core.package_discovery:discover_packages(recursive) check parameters
[0.225s] Level 1:colcon.colcon_core.package_discovery:discover_packages(ignore) check parameters
[0.225s] Level 1:colcon.colcon_core.package_discovery:discover_packages(path) check parameters
[0.225s] Level 1:colcon.colcon_core.package_discovery:discover_packages(colcon_meta) discover
[0.225s] Level 1:colcon.colcon_core.package_discovery:discover_packages(recursive) discover
[0.225s] INFO:colcon.colcon_core.package_discovery:Crawling recursively for packages in '/home/promise/end_effector_moveit'
[0.225s] Level 1:colcon.colcon_core.package_identification:_identify(.) by extensions ['ignore', 'ignore_ament_install']
[0.225s] Level 1:colcon.colcon_core.package_identification:_identify(.) by extension 'ignore'
[0.225s] Level 1:colcon.colcon_core.package_identification:_identify(.) by extension 'ignore_ament_install'
[0.226s] Level 1:colcon.colcon_core.package_identification:_identify(.) by extensions ['colcon_pkg']
[0.226s] Level 1:colcon.colcon_core.package_identification:_identify(.) by extension 'colcon_pkg'
[0.226s] Level 1:colcon.colcon_core.package_identification:_identify(.) by extensions ['colcon_meta']
[0.226s] Level 1:colcon.colcon_core.package_identification:_identify(.) by extension 'colcon_meta'
[0.226s] Level 1:colcon.colcon_core.package_identification:_identify(.) by extensions ['ros']
[0.226s] Level 1:colcon.colcon_core.package_identification:_identify(.) by extension 'ros'
[0.236s] DEBUG:colcon.colcon_core.package_identification:Package '.' with type 'ros.ament_cmake' and name 'end_effector_moveit'
[0.236s] Level 1:colcon.colcon_core.package_discovery:discover_packages(recursive) using defaults
[0.236s] Level 1:colcon.colcon_core.package_discovery:discover_packages(ignore) discover
[0.236s] Level 1:colcon.colcon_core.package_discovery:discover_packages(ignore) using defaults
[0.236s] Level 1:colcon.colcon_core.package_discovery:discover_packages(path) discover
[0.236s] Level 1:colcon.colcon_core.package_discovery:discover_packages(path) using defaults
[0.273s] Level 1:colcon.colcon_core.package_discovery:discover_packages(prefix_path) check parameters
[0.273s] Level 1:colcon.colcon_core.package_discovery:discover_packages(prefix_path) discover
[0.275s] DEBUG:colcon.colcon_installed_package_information.package_discovery:Found 400 installed packages in /opt/ros/humble
[0.276s] Level 1:colcon.colcon_core.package_discovery:discover_packages(prefix_path) using defaults
[0.306s] Level 5:colcon.colcon_core.verb:set package 'end_effector_moveit' build argument 'cmake_args' from command line to 'None'
[0.306s] Level 5:colcon.colcon_core.verb:set package 'end_effector_moveit' build argument 'cmake_target' from command line to 'None'
[0.306s] Level 5:colcon.colcon_core.verb:set package 'end_effector_moveit' build argument 'cmake_target_skip_unavailable' from command line to 'False'
[0.306s] Level 5:colcon.colcon_core.verb:set package 'end_effector_moveit' build argument 'cmake_clean_cache' from command line to 'False'
[0.306s] Level 5:colcon.colcon_core.verb:set package 'end_effector_moveit' build argument 'cmake_clean_first' from command line to 'False'
[0.306s] Level 5:colcon.colcon_core.verb:set package 'end_effector_moveit' build argument 'cmake_force_configure' from command line to 'False'
[0.306s] Level 5:colcon.colcon_core.verb:set package 'end_effector_moveit' build argument 'ament_cmake_args' from command line to 'None'
[0.306s] Level 5:colcon.colcon_core.verb:set package 'end_effector_moveit' build argument 'catkin_cmake_args' from command line to 'None'
[0.306s] Level 5:colcon.colcon_core.verb:set package 'end_effector_moveit' build argument 'catkin_skip_building_tests' from command line to 'False'
[0.306s] DEBUG:colcon.colcon_core.verb:Building package 'end_effector_moveit' with the following arguments: {'ament_cmake_args': None, 'build_base': '/home/promise/end_effector_moveit/build/end_effector_moveit', 'catkin_cmake_args': None, 'catkin_skip_building_tests': False, 'cmake_args': None, 'cmake_clean_cache': False, 'cmake_clean_first': False, 'cmake_force_configure': False, 'cmake_target': None, 'cmake_target_skip_unavailable': False, 'install_base': '/home/promise/end_effector_moveit/install/end_effector_moveit', 'merge_install': False, 'path': '/home/promise/end_effector_moveit', 'symlink_install': True, 'test_result_base': None}
[0.306s] INFO:colcon.colcon_core.executor:Executing jobs using 'parallel' executor
[0.307s] DEBUG:colcon.colcon_parallel_executor.executor.parallel:run_until_complete
[0.307s] INFO:colcon.colcon_ros.task.ament_cmake.build:Building ROS package in '/home/promise/end_effector_moveit' with build type 'ament_cmake'
[0.307s] INFO:colcon.colcon_cmake.task.cmake.build:Building CMake package in '/home/promise/end_effector_moveit'
[0.308s] INFO:colcon.colcon_core.plugin_system:Skipping extension 'colcon_core.shell.bat': Not used on non-Windows systems
[0.308s] INFO:colcon.colcon_core.shell:Skip shell extension 'powershell' for command environment: Not usable outside of PowerShell
[0.308s] DEBUG:colcon.colcon_core.shell:Skip shell extension 'dsv' for command environment
[0.316s] DEBUG:colcon.colcon_core.event_handler.log_command:Invoking command in '/home/promise/end_effector_moveit/build/end_effector_moveit': CMAKE_PREFIX_PATH=/opt/ros/humble /usr/bin/cmake /home/promise/end_effector_moveit -DAMENT_CMAKE_SYMLINK_INSTALL=1 -DCMAKE_INSTALL_PREFIX=/home/promise/end_effector_moveit/install/end_effector_moveit
[0.858s] DEBUG:colcon.colcon_core.event_handler.log_command:Invoked command in '/home/promise/end_effector_moveit/build/end_effector_moveit' returned '0': CMAKE_PREFIX_PATH=/opt/ros/humble /usr/bin/cmake /home/promise/end_effector_moveit -DAMENT_CMAKE_SYMLINK_INSTALL=1 -DCMAKE_INSTALL_PREFIX=/home/promise/end_effector_moveit/install/end_effector_moveit
[0.859s] DEBUG:colcon.colcon_core.event_handler.log_command:Invoking command in '/home/promise/end_effector_moveit/build/end_effector_moveit': CMAKE_PREFIX_PATH=/opt/ros/humble /usr/bin/cmake --build /home/promise/end_effector_moveit/build/end_effector_moveit -- -j4 -l4
[0.892s] DEBUG:colcon.colcon_core.event_handler.log_command:Invoked command in '/home/promise/end_effector_moveit/build/end_effector_moveit' returned '0': CMAKE_PREFIX_PATH=/opt/ros/humble /usr/bin/cmake --build /home/promise/end_effector_moveit/build/end_effector_moveit -- -j4 -l4
[0.900s] DEBUG:colcon.colcon_core.event_handler.log_command:Invoking command in '/home/promise/end_effector_moveit/build/end_effector_moveit': CMAKE_PREFIX_PATH=/opt/ros/humble /usr/bin/cmake --install /home/promise/end_effector_moveit/build/end_effector_moveit
[1.146s] Level 1:colcon.colcon_core.environment:create_environment_scripts_only(end_effector_moveit)
[1.147s] DEBUG:colcon.colcon_core.event_handler.log_command:Invoked command in '/home/promise/end_effector_moveit/build/end_effector_moveit' returned '0': CMAKE_PREFIX_PATH=/opt/ros/humble /usr/bin/cmake --install /home/promise/end_effector_moveit/build/end_effector_moveit
[1.148s] Level 1:colcon.colcon_core.environment:checking '/home/promise/end_effector_moveit/install/end_effector_moveit' for CMake module files
[1.148s] Level 1:colcon.colcon_core.environment:checking '/home/promise/end_effector_moveit/install/end_effector_moveit' for CMake config files
[1.148s] Level 1:colcon.colcon_core.shell:create_environment_hook('end_effector_moveit', 'cmake_prefix_path')
[1.149s] INFO:colcon.colcon_core.shell:Creating environment hook '/home/promise/end_effector_moveit/install/end_effector_moveit/share/end_effector_moveit/hook/cmake_prefix_path.ps1'
[1.149s] INFO:colcon.colcon_core.shell:Creating environment descriptor '/home/promise/end_effector_moveit/install/end_effector_moveit/share/end_effector_moveit/hook/cmake_prefix_path.dsv'
[1.149s] INFO:colcon.colcon_core.shell:Creating environment hook '/home/promise/end_effector_moveit/install/end_effector_moveit/share/end_effector_moveit/hook/cmake_prefix_path.sh'
[1.150s] Level 1:colcon.colcon_core.environment:checking '/home/promise/end_effector_moveit/install/end_effector_moveit/bin'
[1.150s] Level 1:colcon.colcon_core.environment:checking '/home/promise/end_effector_moveit/install/end_effector_moveit/lib/pkgconfig/end_effector_moveit.pc'
[1.150s] Level 1:colcon.colcon_core.environment:checking '/home/promise/end_effector_moveit/install/end_effector_moveit/lib/python3.10/site-packages'
[1.150s] Level 1:colcon.colcon_core.environment:checking '/home/promise/end_effector_moveit/install/end_effector_moveit/bin'
[1.150s] INFO:colcon.colcon_core.shell:Creating package script '/home/promise/end_effector_moveit/install/end_effector_moveit/share/end_effector_moveit/package.ps1'
[1.150s] INFO:colcon.colcon_core.shell:Creating package descriptor '/home/promise/end_effector_moveit/install/end_effector_moveit/share/end_effector_moveit/package.dsv'
[1.151s] INFO:colcon.colcon_core.shell:Creating package script '/home/promise/end_effector_moveit/install/end_effector_moveit/share/end_effector_moveit/package.sh'
[1.151s] INFO:colcon.colcon_core.shell:Creating package script '/home/promise/end_effector_moveit/install/end_effector_moveit/share/end_effector_moveit/package.bash'
[1.151s] INFO:colcon.colcon_core.shell:Creating package script '/home/promise/end_effector_moveit/install/end_effector_moveit/share/end_effector_moveit/package.zsh'
[1.152s] Level 1:colcon.colcon_core.environment:create_file_with_runtime_dependencies(/home/promise/end_effector_moveit/install/end_effector_moveit/share/colcon-core/packages/end_effector_moveit)
[1.152s] Level 1:colcon.colcon_core.environment:create_environment_scripts_only(end_effector_moveit)
[1.152s] Level 1:colcon.colcon_core.environment:checking '/home/promise/end_effector_moveit/install/end_effector_moveit' for CMake module files
[1.153s] Level 1:colcon.colcon_core.environment:checking '/home/promise/end_effector_moveit/install/end_effector_moveit' for CMake config files
[1.153s] Level 1:colcon.colcon_core.shell:create_environment_hook('end_effector_moveit', 'cmake_prefix_path')
[1.153s] INFO:colcon.colcon_core.shell:Creating environment hook '/home/promise/end_effector_moveit/install/end_effector_moveit/share/end_effector_moveit/hook/cmake_prefix_path.ps1'
[1.154s] INFO:colcon.colcon_core.shell:Creating environment descriptor '/home/promise/end_effector_moveit/install/end_effector_moveit/share/end_effector_moveit/hook/cmake_prefix_path.dsv'
[1.154s] INFO:colcon.colcon_core.shell:Creating environment hook '/home/promise/end_effector_moveit/install/end_effector_moveit/share/end_effector_moveit/hook/cmake_prefix_path.sh'
[1.155s] Level 1:colcon.colcon_core.environment:checking '/home/promise/end_effector_moveit/install/end_effector_moveit/bin'
[1.155s] Level 1:colcon.colcon_core.environment:checking '/home/promise/end_effector_moveit/install/end_effector_moveit/lib/pkgconfig/end_effector_moveit.pc'
[1.155s] Level 1:colcon.colcon_core.environment:checking '/home/promise/end_effector_moveit/install/end_effector_moveit/lib/python3.10/site-packages'
[1.155s] Level 1:colcon.colcon_core.environment:checking '/home/promise/end_effector_moveit/install/end_effector_moveit/bin'
[1.155s] INFO:colcon.colcon_core.shell:Creating package script '/home/promise/end_effector_moveit/install/end_effector_moveit/share/end_effector_moveit/package.ps1'
[1.155s] INFO:colcon.colcon_core.shell:Creating package descriptor '/home/promise/end_effector_moveit/install/end_effector_moveit/share/end_effector_moveit/package.dsv'
[1.156s] INFO:colcon.colcon_core.shell:Creating package script '/home/promise/end_effector_moveit/install/end_effector_moveit/share/end_effector_moveit/package.sh'
[1.156s] INFO:colcon.colcon_core.shell:Creating package script '/home/promise/end_effector_moveit/install/end_effector_moveit/share/end_effector_moveit/package.bash'
[1.157s] INFO:colcon.colcon_core.shell:Creating package script '/home/promise/end_effector_moveit/install/end_effector_moveit/share/end_effector_moveit/package.zsh'
[1.157s] Level 1:colcon.colcon_core.environment:create_file_with_runtime_dependencies(/home/promise/end_effector_moveit/install/end_effector_moveit/share/colcon-core/packages/end_effector_moveit)
[1.158s] DEBUG:colcon.colcon_parallel_executor.executor.parallel:closing loop
[1.158s] DEBUG:colcon.colcon_parallel_executor.executor.parallel:loop closed
[1.158s] DEBUG:colcon.colcon_parallel_executor.executor.parallel:run_until_complete finished with '0'
[1.158s] DEBUG:colcon.colcon_core.event_reactor:joining thread
[1.162s] INFO:colcon.colcon_core.plugin_system:Skipping extension 'colcon_notification.desktop_notification.terminal_notifier': Not used on non-Darwin systems
[1.162s] INFO:colcon.colcon_core.plugin_system:Skipping extension 'colcon_notification.desktop_notification.win32': Not used on non-Windows systems
[1.162s] INFO:colcon.colcon_notification.desktop_notification:Sending desktop notification using 'notify2'
[1.173s] DEBUG:colcon.colcon_core.event_reactor:joined thread
[1.173s] INFO:colcon.colcon_core.shell:Creating prefix script '/home/promise/end_effector_moveit/install/local_setup.ps1'
[1.174s] INFO:colcon.colcon_core.shell:Creating prefix util module '/home/promise/end_effector_moveit/install/_local_setup_util_ps1.py'
[1.174s] INFO:colcon.colcon_core.shell:Creating prefix chain script '/home/promise/end_effector_moveit/install/setup.ps1'
[1.175s] INFO:colcon.colcon_core.shell:Creating prefix script '/home/promise/end_effector_moveit/install/local_setup.sh'
[1.175s] INFO:colcon.colcon_core.shell:Creating prefix util module '/home/promise/end_effector_moveit/install/_local_setup_util_sh.py'
[1.176s] INFO:colcon.colcon_core.shell:Creating prefix chain script '/home/promise/end_effector_moveit/install/setup.sh'
[1.176s] INFO:colcon.colcon_core.shell:Creating prefix script '/home/promise/end_effector_moveit/install/local_setup.bash'
[1.177s] INFO:colcon.colcon_core.shell:Creating prefix chain script '/home/promise/end_effector_moveit/install/setup.bash'
[1.179s] INFO:colcon.colcon_core.shell:Creating prefix script '/home/promise/end_effector_moveit/install/local_setup.zsh'
[1.179s] INFO:colcon.colcon_core.shell:Creating prefix chain script '/home/promise/end_effector_moveit/install/setup.zsh'
