[0.105s] DEBUG:colcon:Command line arguments: ['/usr/bin/colcon', 'build', '--symlink-install']
[0.106s] DEBUG:colcon:Parsed command line arguments: Namespace(log_base=None, log_level=None, verb_name='build', build_base='build', install_base='install', merge_install=False, symlink_install=True, test_result_base=None, continue_on_error=False, executor='parallel', parallel_workers=4, event_handlers=None, ignore_user_meta=False, metas=['./colcon.meta'], base_paths=['.'], packages_ignore=None, packages_ignore_regex=None, paths=None, packages_up_to=None, packages_up_to_regex=None, packages_above=None, packages_above_and_dependencies=None, packages_above_depth=None, packages_select_by_dep=None, packages_skip_by_dep=None, packages_skip_up_to=None, packages_select_build_failed=False, packages_skip_build_finished=False, packages_select_test_failures=False, packages_skip_test_passed=False, packages_select=None, packages_skip=None, packages_select_regex=None, packages_skip_regex=None, packages_start=None, packages_end=None, allow_overriding=[], cmake_args=None, cmake_target=None, cmake_target_skip_unavailable=False, cmake_clean_cache=False, cmake_clean_first=False, cmake_force_configure=False, ament_cmake_args=None, catkin_cmake_args=None, catkin_skip_building_tests=False, verb_parser=<colcon_defaults.argument_parser.defaults.DefaultArgumentsDecorator object at 0x7afb21285030>, verb_extension=<colcon_core.verb.build.BuildVerb object at 0x7afb21285d50>, main=<bound method BuildVerb.main of <colcon_core.verb.build.BuildVerb object at 0x7afb21285d50>>)
[0.233s] Level 1:colcon.colcon_core.package_discovery:discover_packages(colcon_meta) check parameters
[0.233s] Level 1:colcon.colcon_core.package_discovery:discover_packages(recursive) check parameters
[0.233s] Level 1:colcon.colcon_core.package_discovery:discover_packages(ignore) check parameters
[0.234s] Level 1:colcon.colcon_core.package_discovery:discover_packages(path) check parameters
[0.234s] Level 1:colcon.colcon_core.package_discovery:discover_packages(colcon_meta) discover
[0.234s] Level 1:colcon.colcon_core.package_discovery:discover_packages(recursive) discover
[0.234s] INFO:colcon.colcon_core.package_discovery:Crawling recursively for packages in '/home/promise/end_effector'
[0.234s] Level 1:colcon.colcon_core.package_identification:_identify(.) by extensions ['ignore', 'ignore_ament_install']
[0.234s] Level 1:colcon.colcon_core.package_identification:_identify(.) by extension 'ignore'
[0.234s] Level 1:colcon.colcon_core.package_identification:_identify(.) by extension 'ignore_ament_install'
[0.234s] Level 1:colcon.colcon_core.package_identification:_identify(.) by extensions ['colcon_pkg']
[0.234s] Level 1:colcon.colcon_core.package_identification:_identify(.) by extension 'colcon_pkg'
[0.234s] Level 1:colcon.colcon_core.package_identification:_identify(.) by extensions ['colcon_meta']
[0.234s] Level 1:colcon.colcon_core.package_identification:_identify(.) by extension 'colcon_meta'
[0.234s] Level 1:colcon.colcon_core.package_identification:_identify(.) by extensions ['ros']
[0.234s] Level 1:colcon.colcon_core.package_identification:_identify(.) by extension 'ros'
[0.241s] Level 1:colcon.colcon_core.package_identification:_identify(.) by extensions ['cmake', 'python']
[0.241s] Level 1:colcon.colcon_core.package_identification:_identify(.) by extension 'cmake'
[0.241s] Level 1:colcon.colcon_core.package_identification:_identify(.) by extension 'python'
[0.241s] Level 1:colcon.colcon_core.package_identification:_identify(.) by extensions ['python_setup_py']
[0.241s] Level 1:colcon.colcon_core.package_identification:_identify(.) by extension 'python_setup_py'
[0.241s] Level 1:colcon.colcon_core.package_identification:_identify(build) by extensions ['ignore', 'ignore_ament_install']
[0.241s] Level 1:colcon.colcon_core.package_identification:_identify(build) by extension 'ignore'
[0.241s] Level 1:colcon.colcon_core.package_identification:_identify(build) ignored
[0.241s] Level 1:colcon.colcon_core.package_identification:_identify(install) by extensions ['ignore', 'ignore_ament_install']
[0.241s] Level 1:colcon.colcon_core.package_identification:_identify(install) by extension 'ignore'
[0.241s] Level 1:colcon.colcon_core.package_identification:_identify(install) ignored
[0.241s] Level 1:colcon.colcon_core.package_identification:_identify(log) by extensions ['ignore', 'ignore_ament_install']
[0.241s] Level 1:colcon.colcon_core.package_identification:_identify(log) by extension 'ignore'
[0.241s] Level 1:colcon.colcon_core.package_identification:_identify(log) ignored
[0.241s] Level 1:colcon.colcon_core.package_identification:_identify(src) by extensions ['ignore', 'ignore_ament_install']
[0.242s] Level 1:colcon.colcon_core.package_identification:_identify(src) by extension 'ignore'
[0.242s] Level 1:colcon.colcon_core.package_identification:_identify(src) by extension 'ignore_ament_install'
[0.242s] Level 1:colcon.colcon_core.package_identification:_identify(src) by extensions ['colcon_pkg']
[0.242s] Level 1:colcon.colcon_core.package_identification:_identify(src) by extension 'colcon_pkg'
[0.242s] Level 1:colcon.colcon_core.package_identification:_identify(src) by extensions ['colcon_meta']
[0.242s] Level 1:colcon.colcon_core.package_identification:_identify(src) by extension 'colcon_meta'
[0.242s] Level 1:colcon.colcon_core.package_identification:_identify(src) by extensions ['ros']
[0.242s] Level 1:colcon.colcon_core.package_identification:_identify(src) by extension 'ros'
[0.242s] Level 1:colcon.colcon_core.package_identification:_identify(src) by extensions ['cmake', 'python']
[0.242s] Level 1:colcon.colcon_core.package_identification:_identify(src) by extension 'cmake'
[0.242s] Level 1:colcon.colcon_core.package_identification:_identify(src) by extension 'python'
[0.242s] Level 1:colcon.colcon_core.package_identification:_identify(src) by extensions ['python_setup_py']
[0.242s] Level 1:colcon.colcon_core.package_identification:_identify(src) by extension 'python_setup_py'
[0.242s] Level 1:colcon.colcon_core.package_identification:_identify(src/custom_end_effector) by extensions ['ignore', 'ignore_ament_install']
[0.242s] Level 1:colcon.colcon_core.package_identification:_identify(src/custom_end_effector) by extension 'ignore'
[0.242s] Level 1:colcon.colcon_core.package_identification:_identify(src/custom_end_effector) by extension 'ignore_ament_install'
[0.242s] Level 1:colcon.colcon_core.package_identification:_identify(src/custom_end_effector) by extensions ['colcon_pkg']
[0.242s] Level 1:colcon.colcon_core.package_identification:_identify(src/custom_end_effector) by extension 'colcon_pkg'
[0.242s] Level 1:colcon.colcon_core.package_identification:_identify(src/custom_end_effector) by extensions ['colcon_meta']
[0.242s] Level 1:colcon.colcon_core.package_identification:_identify(src/custom_end_effector) by extension 'colcon_meta'
[0.242s] Level 1:colcon.colcon_core.package_identification:_identify(src/custom_end_effector) by extensions ['ros']
[0.242s] Level 1:colcon.colcon_core.package_identification:_identify(src/custom_end_effector) by extension 'ros'
[0.247s] DEBUG:colcon.colcon_core.package_identification:Package 'src/custom_end_effector' with type 'ros.ament_python' and name 'custom_end_effector'
[0.247s] Level 1:colcon.colcon_core.package_identification:_identify(src/end_effector_moveit) by extensions ['ignore', 'ignore_ament_install']
[0.247s] Level 1:colcon.colcon_core.package_identification:_identify(src/end_effector_moveit) by extension 'ignore'
[0.247s] Level 1:colcon.colcon_core.package_identification:_identify(src/end_effector_moveit) by extension 'ignore_ament_install'
[0.247s] Level 1:colcon.colcon_core.package_identification:_identify(src/end_effector_moveit) by extensions ['colcon_pkg']
[0.247s] Level 1:colcon.colcon_core.package_identification:_identify(src/end_effector_moveit) by extension 'colcon_pkg'
[0.247s] Level 1:colcon.colcon_core.package_identification:_identify(src/end_effector_moveit) by extensions ['colcon_meta']
[0.247s] Level 1:colcon.colcon_core.package_identification:_identify(src/end_effector_moveit) by extension 'colcon_meta'
[0.247s] Level 1:colcon.colcon_core.package_identification:_identify(src/end_effector_moveit) by extensions ['ros']
[0.247s] Level 1:colcon.colcon_core.package_identification:_identify(src/end_effector_moveit) by extension 'ros'
[0.247s] DEBUG:colcon.colcon_core.package_identification:Package 'src/end_effector_moveit' with type 'ros.ament_cmake' and name 'end_effector_moveit'
[0.248s] Level 1:colcon.colcon_core.package_discovery:discover_packages(recursive) using defaults
[0.248s] Level 1:colcon.colcon_core.package_discovery:discover_packages(ignore) discover
[0.248s] Level 1:colcon.colcon_core.package_discovery:discover_packages(ignore) using defaults
[0.248s] Level 1:colcon.colcon_core.package_discovery:discover_packages(path) discover
[0.248s] Level 1:colcon.colcon_core.package_discovery:discover_packages(path) using defaults
[0.286s] Level 1:colcon.colcon_core.package_discovery:discover_packages(prefix_path) check parameters
[0.286s] Level 1:colcon.colcon_core.package_discovery:discover_packages(prefix_path) discover
[0.288s] DEBUG:colcon.colcon_installed_package_information.package_discovery:Found 400 installed packages in /opt/ros/humble
[0.289s] Level 1:colcon.colcon_core.package_discovery:discover_packages(prefix_path) using defaults
[0.321s] Level 5:colcon.colcon_core.verb:set package 'custom_end_effector' build argument 'cmake_args' from command line to 'None'
[0.321s] Level 5:colcon.colcon_core.verb:set package 'custom_end_effector' build argument 'cmake_target' from command line to 'None'
[0.321s] Level 5:colcon.colcon_core.verb:set package 'custom_end_effector' build argument 'cmake_target_skip_unavailable' from command line to 'False'
[0.321s] Level 5:colcon.colcon_core.verb:set package 'custom_end_effector' build argument 'cmake_clean_cache' from command line to 'False'
[0.321s] Level 5:colcon.colcon_core.verb:set package 'custom_end_effector' build argument 'cmake_clean_first' from command line to 'False'
[0.321s] Level 5:colcon.colcon_core.verb:set package 'custom_end_effector' build argument 'cmake_force_configure' from command line to 'False'
[0.321s] Level 5:colcon.colcon_core.verb:set package 'custom_end_effector' build argument 'ament_cmake_args' from command line to 'None'
[0.321s] Level 5:colcon.colcon_core.verb:set package 'custom_end_effector' build argument 'catkin_cmake_args' from command line to 'None'
[0.321s] Level 5:colcon.colcon_core.verb:set package 'custom_end_effector' build argument 'catkin_skip_building_tests' from command line to 'False'
[0.321s] DEBUG:colcon.colcon_core.verb:Building package 'custom_end_effector' with the following arguments: {'ament_cmake_args': None, 'build_base': '/home/promise/end_effector/build/custom_end_effector', 'catkin_cmake_args': None, 'catkin_skip_building_tests': False, 'cmake_args': None, 'cmake_clean_cache': False, 'cmake_clean_first': False, 'cmake_force_configure': False, 'cmake_target': None, 'cmake_target_skip_unavailable': False, 'install_base': '/home/promise/end_effector/install/custom_end_effector', 'merge_install': False, 'path': '/home/promise/end_effector/src/custom_end_effector', 'symlink_install': True, 'test_result_base': None}
[0.321s] Level 5:colcon.colcon_core.verb:set package 'end_effector_moveit' build argument 'cmake_args' from command line to 'None'
[0.321s] Level 5:colcon.colcon_core.verb:set package 'end_effector_moveit' build argument 'cmake_target' from command line to 'None'
[0.321s] Level 5:colcon.colcon_core.verb:set package 'end_effector_moveit' build argument 'cmake_target_skip_unavailable' from command line to 'False'
[0.321s] Level 5:colcon.colcon_core.verb:set package 'end_effector_moveit' build argument 'cmake_clean_cache' from command line to 'False'
[0.323s] Level 5:colcon.colcon_core.verb:set package 'end_effector_moveit' build argument 'cmake_clean_first' from command line to 'False'
[0.323s] Level 5:colcon.colcon_core.verb:set package 'end_effector_moveit' build argument 'cmake_force_configure' from command line to 'False'
[0.323s] Level 5:colcon.colcon_core.verb:set package 'end_effector_moveit' build argument 'ament_cmake_args' from command line to 'None'
[0.323s] Level 5:colcon.colcon_core.verb:set package 'end_effector_moveit' build argument 'catkin_cmake_args' from command line to 'None'
[0.323s] Level 5:colcon.colcon_core.verb:set package 'end_effector_moveit' build argument 'catkin_skip_building_tests' from command line to 'False'
[0.323s] DEBUG:colcon.colcon_core.verb:Building package 'end_effector_moveit' with the following arguments: {'ament_cmake_args': None, 'build_base': '/home/promise/end_effector/build/end_effector_moveit', 'catkin_cmake_args': None, 'catkin_skip_building_tests': False, 'cmake_args': None, 'cmake_clean_cache': False, 'cmake_clean_first': False, 'cmake_force_configure': False, 'cmake_target': None, 'cmake_target_skip_unavailable': False, 'install_base': '/home/promise/end_effector/install/end_effector_moveit', 'merge_install': False, 'path': '/home/promise/end_effector/src/end_effector_moveit', 'symlink_install': True, 'test_result_base': None}
[0.323s] INFO:colcon.colcon_core.executor:Executing jobs using 'parallel' executor
[0.324s] DEBUG:colcon.colcon_parallel_executor.executor.parallel:run_until_complete
[0.324s] INFO:colcon.colcon_ros.task.ament_python.build:Building ROS package in '/home/promise/end_effector/src/custom_end_effector' with build type 'ament_python'
[0.324s] Level 1:colcon.colcon_core.shell:create_environment_hook('custom_end_effector', 'ament_prefix_path')
[0.325s] INFO:colcon.colcon_core.plugin_system:Skipping extension 'colcon_core.shell.bat': Not used on non-Windows systems
[0.326s] INFO:colcon.colcon_core.shell:Creating environment hook '/home/promise/end_effector/install/custom_end_effector/share/custom_end_effector/hook/ament_prefix_path.ps1'
[0.326s] INFO:colcon.colcon_core.shell:Creating environment descriptor '/home/promise/end_effector/install/custom_end_effector/share/custom_end_effector/hook/ament_prefix_path.dsv'
[0.326s] INFO:colcon.colcon_core.shell:Creating environment hook '/home/promise/end_effector/install/custom_end_effector/share/custom_end_effector/hook/ament_prefix_path.sh'
[0.327s] INFO:colcon.colcon_core.shell:Skip shell extension 'powershell' for command environment: Not usable outside of PowerShell
[0.327s] DEBUG:colcon.colcon_core.shell:Skip shell extension 'dsv' for command environment
[0.533s] INFO:colcon.colcon_core.task.python.build:Building Python package in '/home/promise/end_effector/src/custom_end_effector'
[0.533s] INFO:colcon.colcon_core.shell:Skip shell extension 'powershell' for command environment: Not usable outside of PowerShell
[0.533s] DEBUG:colcon.colcon_core.shell:Skip shell extension 'dsv' for command environment
[0.922s] DEBUG:colcon.colcon_core.event_handler.log_command:Invoking command in '/home/promise/end_effector/build/custom_end_effector': PYTHONPATH=/home/promise/end_effector/build/custom_end_effector/prefix_override:/usr/lib/python3/dist-packages/colcon_core/task/python/colcon_distutils_commands:/home/promise/end_effector/install/custom_end_effector/lib/python3.10/site-packages:${PYTHONPATH} /usr/bin/python3 -W ignore:setup.py install is deprecated -W ignore:easy_install command is deprecated setup.py develop --editable --build-directory /home/promise/end_effector/build/custom_end_effector/build --no-deps symlink_data
[1.261s] Level 1:colcon.colcon_core.shell:create_environment_hook('custom_end_effector', 'pythonpath_develop')
[1.262s] INFO:colcon.colcon_core.shell:Creating environment hook '/home/promise/end_effector/build/custom_end_effector/share/custom_end_effector/hook/pythonpath_develop.ps1'
[1.262s] DEBUG:colcon.colcon_core.event_handler.log_command:Invoked command in '/home/promise/end_effector/build/custom_end_effector' returned '0': PYTHONPATH=/home/promise/end_effector/build/custom_end_effector/prefix_override:/usr/lib/python3/dist-packages/colcon_core/task/python/colcon_distutils_commands:/home/promise/end_effector/install/custom_end_effector/lib/python3.10/site-packages:${PYTHONPATH} /usr/bin/python3 -W ignore:setup.py install is deprecated -W ignore:easy_install command is deprecated setup.py develop --editable --build-directory /home/promise/end_effector/build/custom_end_effector/build --no-deps symlink_data
[1.263s] INFO:colcon.colcon_core.shell:Creating environment descriptor '/home/promise/end_effector/build/custom_end_effector/share/custom_end_effector/hook/pythonpath_develop.dsv'
[1.263s] INFO:colcon.colcon_core.shell:Creating environment hook '/home/promise/end_effector/build/custom_end_effector/share/custom_end_effector/hook/pythonpath_develop.sh'
[1.265s] Level 1:colcon.colcon_core.environment:checking '/home/promise/end_effector/install/custom_end_effector' for CMake module files
[1.265s] Level 1:colcon.colcon_core.environment:checking '/home/promise/end_effector/install/custom_end_effector' for CMake config files
[1.266s] Level 1:colcon.colcon_core.environment:checking '/home/promise/end_effector/install/custom_end_effector/lib'
[1.266s] Level 1:colcon.colcon_core.environment:checking '/home/promise/end_effector/install/custom_end_effector/bin'
[1.266s] Level 1:colcon.colcon_core.environment:checking '/home/promise/end_effector/install/custom_end_effector/lib/pkgconfig/custom_end_effector.pc'
[1.266s] Level 1:colcon.colcon_core.environment:checking '/home/promise/end_effector/install/custom_end_effector/lib/python3.10/site-packages'
[1.266s] Level 1:colcon.colcon_core.shell:create_environment_hook('custom_end_effector', 'pythonpath')
[1.266s] INFO:colcon.colcon_core.shell:Creating environment hook '/home/promise/end_effector/install/custom_end_effector/share/custom_end_effector/hook/pythonpath.ps1'
[1.267s] INFO:colcon.colcon_core.shell:Creating environment descriptor '/home/promise/end_effector/install/custom_end_effector/share/custom_end_effector/hook/pythonpath.dsv'
[1.267s] INFO:colcon.colcon_core.shell:Creating environment hook '/home/promise/end_effector/install/custom_end_effector/share/custom_end_effector/hook/pythonpath.sh'
[1.267s] Level 1:colcon.colcon_core.environment:checking '/home/promise/end_effector/install/custom_end_effector/bin'
[1.268s] Level 1:colcon.colcon_core.environment:create_environment_scripts_only(custom_end_effector)
[1.268s] INFO:colcon.colcon_core.shell:Creating package script '/home/promise/end_effector/install/custom_end_effector/share/custom_end_effector/package.ps1'
[1.268s] INFO:colcon.colcon_core.shell:Creating package descriptor '/home/promise/end_effector/install/custom_end_effector/share/custom_end_effector/package.dsv'
[1.269s] INFO:colcon.colcon_core.shell:Creating package script '/home/promise/end_effector/install/custom_end_effector/share/custom_end_effector/package.sh'
[1.269s] INFO:colcon.colcon_core.shell:Creating package script '/home/promise/end_effector/install/custom_end_effector/share/custom_end_effector/package.bash'
[1.270s] INFO:colcon.colcon_core.shell:Creating package script '/home/promise/end_effector/install/custom_end_effector/share/custom_end_effector/package.zsh'
[1.270s] Level 1:colcon.colcon_core.environment:create_file_with_runtime_dependencies(/home/promise/end_effector/install/custom_end_effector/share/colcon-core/packages/custom_end_effector)
[1.270s] INFO:colcon.colcon_ros.task.ament_cmake.build:Building ROS package in '/home/promise/end_effector/src/end_effector_moveit' with build type 'ament_cmake'
[1.271s] INFO:colcon.colcon_cmake.task.cmake.build:Building CMake package in '/home/promise/end_effector/src/end_effector_moveit'
[1.271s] INFO:colcon.colcon_core.shell:Skip shell extension 'powershell' for command environment: Not usable outside of PowerShell
[1.271s] DEBUG:colcon.colcon_core.shell:Skip shell extension 'dsv' for command environment
[1.278s] DEBUG:colcon.colcon_core.event_handler.log_command:Invoking command in '/home/promise/end_effector/build/end_effector_moveit': AMENT_PREFIX_PATH=/home/promise/end_effector/install/custom_end_effector:${AMENT_PREFIX_PATH} CMAKE_PREFIX_PATH=/opt/ros/humble PYTHONPATH=/home/promise/end_effector/build/custom_end_effector:/home/promise/end_effector/install/custom_end_effector/lib/python3.10/site-packages:${PYTHONPATH} /usr/bin/cmake /home/promise/end_effector/src/end_effector_moveit -DAMENT_CMAKE_SYMLINK_INSTALL=1 -DCMAKE_INSTALL_PREFIX=/home/promise/end_effector/install/end_effector_moveit
[1.768s] DEBUG:colcon.colcon_core.event_handler.log_command:Invoked command in '/home/promise/end_effector/build/end_effector_moveit' returned '0': AMENT_PREFIX_PATH=/home/promise/end_effector/install/custom_end_effector:${AMENT_PREFIX_PATH} CMAKE_PREFIX_PATH=/opt/ros/humble PYTHONPATH=/home/promise/end_effector/build/custom_end_effector:/home/promise/end_effector/install/custom_end_effector/lib/python3.10/site-packages:${PYTHONPATH} /usr/bin/cmake /home/promise/end_effector/src/end_effector_moveit -DAMENT_CMAKE_SYMLINK_INSTALL=1 -DCMAKE_INSTALL_PREFIX=/home/promise/end_effector/install/end_effector_moveit
[1.768s] DEBUG:colcon.colcon_core.event_handler.log_command:Invoking command in '/home/promise/end_effector/build/end_effector_moveit': AMENT_PREFIX_PATH=/home/promise/end_effector/install/custom_end_effector:${AMENT_PREFIX_PATH} CMAKE_PREFIX_PATH=/opt/ros/humble PYTHONPATH=/home/promise/end_effector/build/custom_end_effector:/home/promise/end_effector/install/custom_end_effector/lib/python3.10/site-packages:${PYTHONPATH} /usr/bin/cmake --build /home/promise/end_effector/build/end_effector_moveit -- -j4 -l4
[1.798s] DEBUG:colcon.colcon_core.event_handler.log_command:Invoked command in '/home/promise/end_effector/build/end_effector_moveit' returned '0': AMENT_PREFIX_PATH=/home/promise/end_effector/install/custom_end_effector:${AMENT_PREFIX_PATH} CMAKE_PREFIX_PATH=/opt/ros/humble PYTHONPATH=/home/promise/end_effector/build/custom_end_effector:/home/promise/end_effector/install/custom_end_effector/lib/python3.10/site-packages:${PYTHONPATH} /usr/bin/cmake --build /home/promise/end_effector/build/end_effector_moveit -- -j4 -l4
[1.808s] DEBUG:colcon.colcon_core.event_handler.log_command:Invoking command in '/home/promise/end_effector/build/end_effector_moveit': AMENT_PREFIX_PATH=/home/promise/end_effector/install/custom_end_effector:${AMENT_PREFIX_PATH} CMAKE_PREFIX_PATH=/opt/ros/humble PYTHONPATH=/home/promise/end_effector/build/custom_end_effector:/home/promise/end_effector/install/custom_end_effector/lib/python3.10/site-packages:${PYTHONPATH} /usr/bin/cmake --install /home/promise/end_effector/build/end_effector_moveit
[2.066s] Level 1:colcon.colcon_core.environment:create_environment_scripts_only(end_effector_moveit)
[2.066s] Level 1:colcon.colcon_core.environment:checking '/home/promise/end_effector/install/end_effector_moveit' for CMake module files
[2.066s] DEBUG:colcon.colcon_core.event_handler.log_command:Invoked command in '/home/promise/end_effector/build/end_effector_moveit' returned '0': AMENT_PREFIX_PATH=/home/promise/end_effector/install/custom_end_effector:${AMENT_PREFIX_PATH} CMAKE_PREFIX_PATH=/opt/ros/humble PYTHONPATH=/home/promise/end_effector/build/custom_end_effector:/home/promise/end_effector/install/custom_end_effector/lib/python3.10/site-packages:${PYTHONPATH} /usr/bin/cmake --install /home/promise/end_effector/build/end_effector_moveit
[2.067s] Level 1:colcon.colcon_core.environment:checking '/home/promise/end_effector/install/end_effector_moveit' for CMake config files
[2.067s] Level 1:colcon.colcon_core.shell:create_environment_hook('end_effector_moveit', 'cmake_prefix_path')
[2.067s] INFO:colcon.colcon_core.shell:Creating environment hook '/home/promise/end_effector/install/end_effector_moveit/share/end_effector_moveit/hook/cmake_prefix_path.ps1'
[2.067s] INFO:colcon.colcon_core.shell:Creating environment descriptor '/home/promise/end_effector/install/end_effector_moveit/share/end_effector_moveit/hook/cmake_prefix_path.dsv'
[2.068s] INFO:colcon.colcon_core.shell:Creating environment hook '/home/promise/end_effector/install/end_effector_moveit/share/end_effector_moveit/hook/cmake_prefix_path.sh'
[2.068s] Level 1:colcon.colcon_core.environment:checking '/home/promise/end_effector/install/end_effector_moveit/bin'
[2.068s] Level 1:colcon.colcon_core.environment:checking '/home/promise/end_effector/install/end_effector_moveit/lib/pkgconfig/end_effector_moveit.pc'
[2.068s] Level 1:colcon.colcon_core.environment:checking '/home/promise/end_effector/install/end_effector_moveit/lib/python3.10/site-packages'
[2.068s] Level 1:colcon.colcon_core.environment:checking '/home/promise/end_effector/install/end_effector_moveit/bin'
[2.069s] INFO:colcon.colcon_core.shell:Creating package script '/home/promise/end_effector/install/end_effector_moveit/share/end_effector_moveit/package.ps1'
[2.069s] INFO:colcon.colcon_core.shell:Creating package descriptor '/home/promise/end_effector/install/end_effector_moveit/share/end_effector_moveit/package.dsv'
[2.069s] INFO:colcon.colcon_core.shell:Creating package script '/home/promise/end_effector/install/end_effector_moveit/share/end_effector_moveit/package.sh'
[2.069s] INFO:colcon.colcon_core.shell:Creating package script '/home/promise/end_effector/install/end_effector_moveit/share/end_effector_moveit/package.bash'
[2.069s] INFO:colcon.colcon_core.shell:Creating package script '/home/promise/end_effector/install/end_effector_moveit/share/end_effector_moveit/package.zsh'
[2.070s] Level 1:colcon.colcon_core.environment:create_file_with_runtime_dependencies(/home/promise/end_effector/install/end_effector_moveit/share/colcon-core/packages/end_effector_moveit)
[2.070s] Level 1:colcon.colcon_core.environment:create_environment_scripts_only(end_effector_moveit)
[2.070s] Level 1:colcon.colcon_core.environment:checking '/home/promise/end_effector/install/end_effector_moveit' for CMake module files
[2.070s] Level 1:colcon.colcon_core.environment:checking '/home/promise/end_effector/install/end_effector_moveit' for CMake config files
[2.071s] Level 1:colcon.colcon_core.shell:create_environment_hook('end_effector_moveit', 'cmake_prefix_path')
[2.071s] INFO:colcon.colcon_core.shell:Creating environment hook '/home/promise/end_effector/install/end_effector_moveit/share/end_effector_moveit/hook/cmake_prefix_path.ps1'
[2.071s] INFO:colcon.colcon_core.shell:Creating environment descriptor '/home/promise/end_effector/install/end_effector_moveit/share/end_effector_moveit/hook/cmake_prefix_path.dsv'
[2.072s] INFO:colcon.colcon_core.shell:Creating environment hook '/home/promise/end_effector/install/end_effector_moveit/share/end_effector_moveit/hook/cmake_prefix_path.sh'
[2.072s] Level 1:colcon.colcon_core.environment:checking '/home/promise/end_effector/install/end_effector_moveit/bin'
[2.072s] Level 1:colcon.colcon_core.environment:checking '/home/promise/end_effector/install/end_effector_moveit/lib/pkgconfig/end_effector_moveit.pc'
[2.072s] Level 1:colcon.colcon_core.environment:checking '/home/promise/end_effector/install/end_effector_moveit/lib/python3.10/site-packages'
[2.072s] Level 1:colcon.colcon_core.environment:checking '/home/promise/end_effector/install/end_effector_moveit/bin'
[2.072s] INFO:colcon.colcon_core.shell:Creating package script '/home/promise/end_effector/install/end_effector_moveit/share/end_effector_moveit/package.ps1'
[2.073s] INFO:colcon.colcon_core.shell:Creating package descriptor '/home/promise/end_effector/install/end_effector_moveit/share/end_effector_moveit/package.dsv'
[2.073s] INFO:colcon.colcon_core.shell:Creating package script '/home/promise/end_effector/install/end_effector_moveit/share/end_effector_moveit/package.sh'
[2.073s] INFO:colcon.colcon_core.shell:Creating package script '/home/promise/end_effector/install/end_effector_moveit/share/end_effector_moveit/package.bash'
[2.074s] INFO:colcon.colcon_core.shell:Creating package script '/home/promise/end_effector/install/end_effector_moveit/share/end_effector_moveit/package.zsh'
[2.074s] Level 1:colcon.colcon_core.environment:create_file_with_runtime_dependencies(/home/promise/end_effector/install/end_effector_moveit/share/colcon-core/packages/end_effector_moveit)
[2.074s] DEBUG:colcon.colcon_parallel_executor.executor.parallel:closing loop
[2.075s] DEBUG:colcon.colcon_parallel_executor.executor.parallel:loop closed
[2.075s] DEBUG:colcon.colcon_parallel_executor.executor.parallel:run_until_complete finished with '0'
[2.075s] DEBUG:colcon.colcon_core.event_reactor:joining thread
[2.078s] INFO:colcon.colcon_core.plugin_system:Skipping extension 'colcon_notification.desktop_notification.terminal_notifier': Not used on non-Darwin systems
[2.078s] INFO:colcon.colcon_core.plugin_system:Skipping extension 'colcon_notification.desktop_notification.win32': Not used on non-Windows systems
[2.078s] INFO:colcon.colcon_notification.desktop_notification:Sending desktop notification using 'notify2'
[2.089s] DEBUG:colcon.colcon_core.event_reactor:joined thread
[2.090s] INFO:colcon.colcon_core.shell:Creating prefix script '/home/promise/end_effector/install/local_setup.ps1'
[2.090s] INFO:colcon.colcon_core.shell:Creating prefix util module '/home/promise/end_effector/install/_local_setup_util_ps1.py'
[2.091s] INFO:colcon.colcon_core.shell:Creating prefix chain script '/home/promise/end_effector/install/setup.ps1'
[2.092s] INFO:colcon.colcon_core.shell:Creating prefix script '/home/promise/end_effector/install/local_setup.sh'
[2.096s] INFO:colcon.colcon_core.shell:Creating prefix util module '/home/promise/end_effector/install/_local_setup_util_sh.py'
[2.096s] INFO:colcon.colcon_core.shell:Creating prefix chain script '/home/promise/end_effector/install/setup.sh'
[2.097s] INFO:colcon.colcon_core.shell:Creating prefix script '/home/promise/end_effector/install/local_setup.bash'
[2.097s] INFO:colcon.colcon_core.shell:Creating prefix chain script '/home/promise/end_effector/install/setup.bash'
[2.098s] INFO:colcon.colcon_core.shell:Creating prefix script '/home/promise/end_effector/install/local_setup.zsh'
[2.098s] INFO:colcon.colcon_core.shell:Creating prefix chain script '/home/promise/end_effector/install/setup.zsh'
