[0.009s] Invoking command in '/home/promise/end_effector_moveit/build/end_effector_moveit': CMAKE_PREFIX_PATH=/opt/ros/humble /usr/bin/cmake /home/promise/end_effector_moveit -DAMENT_CMAKE_SYMLINK_INSTALL=1 -DCMAKE_INSTALL_PREFIX=/home/promise/end_effector_moveit/install/end_effector_moveit
[0.061s] -- The C compiler identification is GNU 11.4.0
[0.107s] -- The CXX compiler identification is GNU 11.4.0
[0.113s] -- Detecting C compiler ABI info
[0.191s] -- Detecting C compiler ABI info - done
[0.194s] -- Check for working C compiler: /usr/bin/cc - skipped
[0.194s] -- Detecting C compile features
[0.195s] -- Detecting C compile features - done
[0.196s] -- Detecting CXX compiler ABI info
[0.274s] -- Detecting CXX compiler ABI info - done
[0.274s] -- Check for working CXX compiler: /usr/bin/c++ - skipped
[0.274s] -- Detecting CXX compile features
[0.275s] -- Detecting CXX compile features - done
[0.277s] -- Found ament_cmake: 1.3.11 (/opt/ros/humble/share/ament_cmake/cmake)
[0.410s] -- Found Python3: /usr/bin/python3 (found version "3.10.12") found components: Interpreter 
[0.477s] -- Override CMake install command with custom implementation using symlinks instead of copying resources
[0.543s] -- Configuring done
[0.547s] -- Generating done
[0.548s] -- Build files have been written to: /home/promise/end_effector_moveit/build/end_effector_moveit
[0.551s] Invoked command in '/home/promise/end_effector_moveit/build/end_effector_moveit' returned '0': CMAKE_PREFIX_PATH=/opt/ros/humble /usr/bin/cmake /home/promise/end_effector_moveit -DAMENT_CMAKE_SYMLINK_INSTALL=1 -DCMAKE_INSTALL_PREFIX=/home/promise/end_effector_moveit/install/end_effector_moveit
[0.552s] Invoking command in '/home/promise/end_effector_moveit/build/end_effector_moveit': CMAKE_PREFIX_PATH=/opt/ros/humble /usr/bin/cmake --build /home/promise/end_effector_moveit/build/end_effector_moveit -- -j4 -l4
[0.585s] Invoked command in '/home/promise/end_effector_moveit/build/end_effector_moveit' returned '0': CMAKE_PREFIX_PATH=/opt/ros/humble /usr/bin/cmake --build /home/promise/end_effector_moveit/build/end_effector_moveit -- -j4 -l4
[0.593s] Invoking command in '/home/promise/end_effector_moveit/build/end_effector_moveit': CMAKE_PREFIX_PATH=/opt/ros/humble /usr/bin/cmake --install /home/promise/end_effector_moveit/build/end_effector_moveit
[0.599s] -- Install configuration: ""
[0.599s] -- Execute custom install script
[0.599s] -- Symlinking: /home/promise/end_effector_moveit/install/end_effector_moveit/share/ament_index/resource_index/package_run_dependencies/end_effector_moveit
[0.606s] -- Symlinking: /home/promise/end_effector_moveit/install/end_effector_moveit/share/ament_index/resource_index/parent_prefix_path/end_effector_moveit
[0.614s] -- Symlinking: /home/promise/end_effector_moveit/install/end_effector_moveit/share/end_effector_moveit/environment/ament_prefix_path.sh
[0.622s] -- Symlinking: /home/promise/end_effector_moveit/install/end_effector_moveit/share/end_effector_moveit/environment/ament_prefix_path.dsv
[0.628s] -- Symlinking: /home/promise/end_effector_moveit/install/end_effector_moveit/share/end_effector_moveit/environment/path.sh
[0.634s] -- Symlinking: /home/promise/end_effector_moveit/install/end_effector_moveit/share/end_effector_moveit/environment/path.dsv
[0.646s] -- Symlinking: /home/promise/end_effector_moveit/install/end_effector_moveit/share/end_effector_moveit/local_setup.bash
[0.653s] -- Symlinking: /home/promise/end_effector_moveit/install/end_effector_moveit/share/end_effector_moveit/local_setup.sh
[0.661s] -- Symlinking: /home/promise/end_effector_moveit/install/end_effector_moveit/share/end_effector_moveit/local_setup.zsh
[0.669s] -- Symlinking: /home/promise/end_effector_moveit/install/end_effector_moveit/share/end_effector_moveit/local_setup.dsv
[0.676s] -- Symlinking: /home/promise/end_effector_moveit/install/end_effector_moveit/share/end_effector_moveit/package.dsv
[0.684s] -- Symlinking: /home/promise/end_effector_moveit/install/end_effector_moveit/share/ament_index/resource_index/packages/end_effector_moveit
[0.690s] -- Symlinking: /home/promise/end_effector_moveit/install/end_effector_moveit/share/end_effector_moveit/cmake/end_effector_moveitConfig.cmake
[0.697s] -- Symlinking: /home/promise/end_effector_moveit/install/end_effector_moveit/share/end_effector_moveit/cmake/end_effector_moveitConfig-version.cmake
[0.703s] -- Symlinking: /home/promise/end_effector_moveit/install/end_effector_moveit/share/end_effector_moveit/package.xml
[0.710s] -- Symlinking: /home/promise/end_effector_moveit/install/end_effector_moveit/share/end_effector_moveit/launch/demo.launch.py
[0.716s] -- Symlinking: /home/promise/end_effector_moveit/install/end_effector_moveit/share/end_effector_moveit/launch/move_group.launch.py
[0.722s] -- Symlinking: /home/promise/end_effector_moveit/install/end_effector_moveit/share/end_effector_moveit/launch/moveit_rviz.launch.py
[0.729s] -- Symlinking: /home/promise/end_effector_moveit/install/end_effector_moveit/share/end_effector_moveit/launch/rsp.launch.py
[0.739s] -- Symlinking: /home/promise/end_effector_moveit/install/end_effector_moveit/share/end_effector_moveit/launch/setup_assistant.launch.py
[0.746s] -- Symlinking: /home/promise/end_effector_moveit/install/end_effector_moveit/share/end_effector_moveit/launch/spawn_controllers.launch.py
[0.751s] -- Symlinking: /home/promise/end_effector_moveit/install/end_effector_moveit/share/end_effector_moveit/launch/static_virtual_joint_tfs.launch.py
[0.759s] -- Symlinking: /home/promise/end_effector_moveit/install/end_effector_moveit/share/end_effector_moveit/launch/warehouse_db.launch.py
[0.766s] -- Symlinking: /home/promise/end_effector_moveit/install/end_effector_moveit/share/end_effector_moveit/config/end_effector.ros2_control.xacro
[0.773s] -- Symlinking: /home/promise/end_effector_moveit/install/end_effector_moveit/share/end_effector_moveit/config/end_effector.srdf
[0.779s] -- Symlinking: /home/promise/end_effector_moveit/install/end_effector_moveit/share/end_effector_moveit/config/end_effector.urdf.xacro
[0.785s] -- Symlinking: /home/promise/end_effector_moveit/install/end_effector_moveit/share/end_effector_moveit/config/initial_positions.yaml
[0.791s] -- Symlinking: /home/promise/end_effector_moveit/install/end_effector_moveit/share/end_effector_moveit/config/joint_limits.yaml
[0.797s] -- Symlinking: /home/promise/end_effector_moveit/install/end_effector_moveit/share/end_effector_moveit/config/kinematics.yaml
[0.804s] -- Symlinking: /home/promise/end_effector_moveit/install/end_effector_moveit/share/end_effector_moveit/config/moveit.rviz
[0.810s] -- Symlinking: /home/promise/end_effector_moveit/install/end_effector_moveit/share/end_effector_moveit/config/moveit_controllers.yaml
[0.816s] -- Symlinking: /home/promise/end_effector_moveit/install/end_effector_moveit/share/end_effector_moveit/config/pilz_cartesian_limits.yaml
[0.824s] -- Symlinking: /home/promise/end_effector_moveit/install/end_effector_moveit/share/end_effector_moveit/config/ros2_controllers.yaml
[0.831s] -- Symlinking: /home/promise/end_effector_moveit/install/end_effector_moveit/share/end_effector_moveit/.setup_assistant
[0.839s] Invoked command in '/home/promise/end_effector_moveit/build/end_effector_moveit' returned '0': CMAKE_PREFIX_PATH=/opt/ros/humble /usr/bin/cmake --install /home/promise/end_effector_moveit/build/end_effector_moveit
