[0.007s] Invoking command in '/home/promise/end_effector/build/end_effector_moveit': AMENT_PREFIX_PATH=/home/promise/end_effector/install/custom_end_effector:${AMENT_PREFIX_PATH} CMAKE_PREFIX_PATH=/opt/ros/humble PYTHONPATH=/home/promise/end_effector/build/custom_end_effector:/home/promise/end_effector/install/custom_end_effector/lib/python3.10/site-packages:${PYTHONPATH} /usr/bin/cmake /home/promise/end_effector/src/end_effector_moveit -DAMENT_CMAKE_SYMLINK_INSTALL=1 -DCMAKE_INSTALL_PREFIX=/home/promise/end_effector/install/end_effector_moveit
[0.053s] -- The C compiler identification is GNU 11.4.0
[0.097s] -- The CXX compiler identification is GNU 11.4.0
[0.102s] -- Detecting C compiler ABI info
[0.163s] -- Detecting C compiler ABI info - done
[0.166s] -- Check for working C compiler: /usr/bin/cc - skipped
[0.166s] -- Detecting C compile features
[0.167s] -- Detecting C compile features - done
[0.169s] -- Detecting CXX compiler ABI info
[0.240s] -- Detecting CXX compiler ABI info - done
[0.244s] -- Check for working CXX compiler: /usr/bin/c++ - skipped
[0.245s] -- Detecting CXX compile features
[0.245s] -- Detecting CXX compile features - done
[0.246s] -- Found ament_cmake: 1.3.11 (/opt/ros/humble/share/ament_cmake/cmake)
[0.363s] -- Found Python3: /usr/bin/python3 (found version "3.10.12") found components: Interpreter 
[0.420s] -- Override CMake install command with custom implementation using symlinks instead of copying resources
[0.487s] -- Configuring done
[0.489s] -- Generating done
[0.492s] -- Build files have been written to: /home/promise/end_effector/build/end_effector_moveit
[0.496s] Invoked command in '/home/promise/end_effector/build/end_effector_moveit' returned '0': AMENT_PREFIX_PATH=/home/promise/end_effector/install/custom_end_effector:${AMENT_PREFIX_PATH} CMAKE_PREFIX_PATH=/opt/ros/humble PYTHONPATH=/home/promise/end_effector/build/custom_end_effector:/home/promise/end_effector/install/custom_end_effector/lib/python3.10/site-packages:${PYTHONPATH} /usr/bin/cmake /home/promise/end_effector/src/end_effector_moveit -DAMENT_CMAKE_SYMLINK_INSTALL=1 -DCMAKE_INSTALL_PREFIX=/home/promise/end_effector/install/end_effector_moveit
[0.497s] Invoking command in '/home/promise/end_effector/build/end_effector_moveit': AMENT_PREFIX_PATH=/home/promise/end_effector/install/custom_end_effector:${AMENT_PREFIX_PATH} CMAKE_PREFIX_PATH=/opt/ros/humble PYTHONPATH=/home/promise/end_effector/build/custom_end_effector:/home/promise/end_effector/install/custom_end_effector/lib/python3.10/site-packages:${PYTHONPATH} /usr/bin/cmake --build /home/promise/end_effector/build/end_effector_moveit -- -j4 -l4
[0.527s] Invoked command in '/home/promise/end_effector/build/end_effector_moveit' returned '0': AMENT_PREFIX_PATH=/home/promise/end_effector/install/custom_end_effector:${AMENT_PREFIX_PATH} CMAKE_PREFIX_PATH=/opt/ros/humble PYTHONPATH=/home/promise/end_effector/build/custom_end_effector:/home/promise/end_effector/install/custom_end_effector/lib/python3.10/site-packages:${PYTHONPATH} /usr/bin/cmake --build /home/promise/end_effector/build/end_effector_moveit -- -j4 -l4
[0.537s] Invoking command in '/home/promise/end_effector/build/end_effector_moveit': AMENT_PREFIX_PATH=/home/promise/end_effector/install/custom_end_effector:${AMENT_PREFIX_PATH} CMAKE_PREFIX_PATH=/opt/ros/humble PYTHONPATH=/home/promise/end_effector/build/custom_end_effector:/home/promise/end_effector/install/custom_end_effector/lib/python3.10/site-packages:${PYTHONPATH} /usr/bin/cmake --install /home/promise/end_effector/build/end_effector_moveit
[0.542s] -- Install configuration: ""
[0.542s] -- Execute custom install script
[0.544s] -- Symlinking: /home/promise/end_effector/install/end_effector_moveit/share/ament_index/resource_index/package_run_dependencies/end_effector_moveit
[0.551s] -- Symlinking: /home/promise/end_effector/install/end_effector_moveit/share/ament_index/resource_index/parent_prefix_path/end_effector_moveit
[0.558s] -- Symlinking: /home/promise/end_effector/install/end_effector_moveit/share/end_effector_moveit/environment/ament_prefix_path.sh
[0.564s] -- Symlinking: /home/promise/end_effector/install/end_effector_moveit/share/end_effector_moveit/environment/ament_prefix_path.dsv
[0.571s] -- Symlinking: /home/promise/end_effector/install/end_effector_moveit/share/end_effector_moveit/environment/path.sh
[0.577s] -- Symlinking: /home/promise/end_effector/install/end_effector_moveit/share/end_effector_moveit/environment/path.dsv
[0.585s] -- Symlinking: /home/promise/end_effector/install/end_effector_moveit/share/end_effector_moveit/local_setup.bash
[0.595s] -- Symlinking: /home/promise/end_effector/install/end_effector_moveit/share/end_effector_moveit/local_setup.sh
[0.603s] -- Symlinking: /home/promise/end_effector/install/end_effector_moveit/share/end_effector_moveit/local_setup.zsh
[0.609s] -- Symlinking: /home/promise/end_effector/install/end_effector_moveit/share/end_effector_moveit/local_setup.dsv
[0.615s] -- Symlinking: /home/promise/end_effector/install/end_effector_moveit/share/end_effector_moveit/package.dsv
[0.623s] -- Symlinking: /home/promise/end_effector/install/end_effector_moveit/share/ament_index/resource_index/packages/end_effector_moveit
[0.632s] -- Symlinking: /home/promise/end_effector/install/end_effector_moveit/share/end_effector_moveit/cmake/end_effector_moveitConfig.cmake
[0.638s] -- Symlinking: /home/promise/end_effector/install/end_effector_moveit/share/end_effector_moveit/cmake/end_effector_moveitConfig-version.cmake
[0.644s] -- Symlinking: /home/promise/end_effector/install/end_effector_moveit/share/end_effector_moveit/package.xml
[0.651s] -- Symlinking: /home/promise/end_effector/install/end_effector_moveit/share/end_effector_moveit/launch/demo.launch.py
[0.658s] -- Symlinking: /home/promise/end_effector/install/end_effector_moveit/share/end_effector_moveit/launch/move_group.launch.py
[0.667s] -- Symlinking: /home/promise/end_effector/install/end_effector_moveit/share/end_effector_moveit/launch/moveit_rviz.launch.py
[0.673s] -- Symlinking: /home/promise/end_effector/install/end_effector_moveit/share/end_effector_moveit/launch/rsp.launch.py
[0.680s] -- Symlinking: /home/promise/end_effector/install/end_effector_moveit/share/end_effector_moveit/launch/setup_assistant.launch.py
[0.688s] -- Symlinking: /home/promise/end_effector/install/end_effector_moveit/share/end_effector_moveit/launch/spawn_controllers.launch.py
[0.699s] -- Symlinking: /home/promise/end_effector/install/end_effector_moveit/share/end_effector_moveit/launch/static_virtual_joint_tfs.launch.py
[0.706s] -- Symlinking: /home/promise/end_effector/install/end_effector_moveit/share/end_effector_moveit/launch/warehouse_db.launch.py
[0.714s] -- Symlinking: /home/promise/end_effector/install/end_effector_moveit/share/end_effector_moveit/config/end_effector.ros2_control.xacro
[0.723s] -- Symlinking: /home/promise/end_effector/install/end_effector_moveit/share/end_effector_moveit/config/end_effector.srdf
[0.729s] -- Symlinking: /home/promise/end_effector/install/end_effector_moveit/share/end_effector_moveit/config/end_effector.urdf.xacro
[0.735s] -- Symlinking: /home/promise/end_effector/install/end_effector_moveit/share/end_effector_moveit/config/initial_positions.yaml
[0.742s] -- Symlinking: /home/promise/end_effector/install/end_effector_moveit/share/end_effector_moveit/config/joint_limits.yaml
[0.750s] -- Symlinking: /home/promise/end_effector/install/end_effector_moveit/share/end_effector_moveit/config/kinematics.yaml
[0.757s] -- Symlinking: /home/promise/end_effector/install/end_effector_moveit/share/end_effector_moveit/config/moveit.rviz
[0.764s] -- Symlinking: /home/promise/end_effector/install/end_effector_moveit/share/end_effector_moveit/config/moveit_controllers.yaml
[0.771s] -- Symlinking: /home/promise/end_effector/install/end_effector_moveit/share/end_effector_moveit/config/pilz_cartesian_limits.yaml
[0.777s] -- Symlinking: /home/promise/end_effector/install/end_effector_moveit/share/end_effector_moveit/config/ros2_controllers.yaml
[0.786s] -- Symlinking: /home/promise/end_effector/install/end_effector_moveit/share/end_effector_moveit/.setup_assistant
[0.795s] Invoked command in '/home/promise/end_effector/build/end_effector_moveit' returned '0': AMENT_PREFIX_PATH=/home/promise/end_effector/install/custom_end_effector:${AMENT_PREFIX_PATH} CMAKE_PREFIX_PATH=/opt/ros/humble PYTHONPATH=/home/promise/end_effector/build/custom_end_effector:/home/promise/end_effector/install/custom_end_effector/lib/python3.10/site-packages:${PYTHONPATH} /usr/bin/cmake --install /home/promise/end_effector/build/end_effector_moveit
